DEPRECATION WARNING: Static attributes will be removed in FactoryBot 5.0. Please use dynamic
attributes instead by wrapping the attribute value in a block:

email { "MyString" }
name { "MyString" }

To automatically update from static attributes to dynamic ones,
install rubocop-rspec and run:

rubocop \
  --require rubocop-rspec \
  --only FactoryBot/AttributeDefinedStatically \
  --auto-correct

 (called from block (2 levels) in <top (required)> at /Users/sylvance/rails/rails-vue-online-store/spec/factories/users.rb:3)
DEPRECATION WARNING: Static attributes will be removed in FactoryBot 5.0. Please use dynamic
attributes instead by wrapping the attribute value in a block:

username { "MyString" }
 (called from block (2 levels) in <top (required)> at /Users/sylvance/rails/rails-vue-online-store/spec/factories/goods.rb:3)
DEPRECATION WARNING: Static attributes will be removed in FactoryBot 5.0. Please use dynamic
attributes instead by wrapping the attribute value in a block:

user { nil }

To automatically update from static attributes to dynamic ones,
install rubocop-rspec and run:

rubocop \
  --require rubocop-rspec \
  --only FactoryBot/AttributeDefinedStatically \
  --auto-correct

 (called from block (2 levels) in <top (required)> at /Users/sylvance/rails/rails-vue-online-store/spec/factories/users.rb:4)
DEPRECATION WARNING: Static attributes will be removed in FactoryBot 5.0. Please use dynamic
attributes instead by wrapping the attribute value in a block:

password_digest { "MyString" }

To automatically update from static attributes to dynamic ones,
install rubocop-rspec and run:

rubocop \
  --require rubocop-rspec \
  --only FactoryBot/AttributeDefinedStatically \
  --auto-correct

 (called from block (2 levels) in <top (required)> at /Users/sylvance/rails/rails-vue-online-store/spec/factories/users.rb:5)
  [1m[35m (0.1ms)[0m  [1m[34mSELECT sqlite_version(*)[0m
  [1m[35m (3.0ms)[0m  [1m[35mCREATE TABLE "schema_migrations" ("version" varchar NOT NULL PRIMARY KEY)[0m
  [1m[35m (1.8ms)[0m  [1m[35mCREATE TABLE "ar_internal_metadata" ("key" varchar NOT NULL PRIMARY KEY, "value" varchar, "created_at" datetime NOT NULL, "updated_at" datetime NOT NULL)[0m
  [1m[35m (0.1ms)[0m  [1m[34mSELECT "schema_migrations"."version" FROM "schema_migrations" ORDER BY "schema_migrations"."version" ASC[0m
Migrating to CreateUsers (20180826235457)
  [1m[35m (0.1ms)[0m  [1m[36mbegin transaction[0m
  [1m[35m (0.5ms)[0m  [1m[35mCREATE TABLE "users" ("id" INTEGER PRIMARY KEY AUTOINCREMENT NOT NULL, "email" varchar NOT NULL, "username" varchar NOT NULL, "password_digest" varchar NOT NULL, "created_at" datetime NOT NULL, "updated_at" datetime NOT NULL)[0m
  [1m[35mSQL (0.2ms)[0m  [1m[32mINSERT INTO "schema_migrations" ("version") VALUES (?)[0m  [["version", "20180826235457"]]
  [1m[35m (1.3ms)[0m  [1m[36mcommit transaction[0m
  [1m[36mActiveRecord::InternalMetadata Load (0.1ms)[0m  [1m[34mSELECT  "ar_internal_metadata".* FROM "ar_internal_metadata" WHERE "ar_internal_metadata"."key" = ? LIMIT ?[0m  [["key", "environment"], ["LIMIT", 1]]
  [1m[35m (0.1ms)[0m  [1m[36mbegin transaction[0m
  [1m[35mSQL (0.5ms)[0m  [1m[32mINSERT INTO "ar_internal_metadata" ("key", "value", "created_at", "updated_at") VALUES (?, ?, ?, ?)[0m  [["key", "environment"], ["value", "development"], ["created_at", "2018-08-26 23:56:01.862824"], ["updated_at", "2018-08-26 23:56:01.862824"]]
  [1m[35m (0.9ms)[0m  [1m[36mcommit transaction[0m
  [1m[35m (0.1ms)[0m  [1m[34mSELECT "schema_migrations"."version" FROM "schema_migrations" ORDER BY "schema_migrations"."version" ASC[0m
 (called from block (2 levels) in <top (required)> at /Users/sylvance/rails/rails-vue-online-store/spec/factories/goods.rb:4)
  [1m[35m (0.1ms)[0m  [1m[34mSELECT sqlite_version(*)[0m
  [1m[35m (8.6ms)[0m  [1m[35mCREATE TABLE "schema_migrations" ("version" varchar NOT NULL PRIMARY KEY)[0m
  [1m[35m (1.5ms)[0m  [1m[35mCREATE TABLE "ar_internal_metadata" ("key" varchar NOT NULL PRIMARY KEY, "value" varchar, "created_at" datetime NOT NULL, "updated_at" datetime NOT NULL)[0m
  [1m[35m (0.2ms)[0m  [1m[34mSELECT "schema_migrations"."version" FROM "schema_migrations" ORDER BY "schema_migrations"."version" ASC[0m
Migrating to CreateGoods (20180826235943)
  [1m[35m (0.1ms)[0m  [1m[36mbegin transaction[0m
  [1m[35m (0.4ms)[0m  [1m[35mCREATE TABLE "goods" ("id" INTEGER PRIMARY KEY AUTOINCREMENT NOT NULL, "name" varchar, "user_id" integer, "created_at" datetime NOT NULL, "updated_at" datetime NOT NULL, CONSTRAINT "fk_rails_88c36f52c3"
FOREIGN KEY ("user_id")
  REFERENCES "users" ("id")
)[0m
  [1m[35m (0.1ms)[0m  [1m[35mCREATE  INDEX "index_goods_on_user_id" ON "goods" ("user_id")[0m
  [1m[35mSQL (0.2ms)[0m  [1m[32mINSERT INTO "schema_migrations" ("version") VALUES (?)[0m  [["version", "20180826235943"]]
  [1m[35m (1.1ms)[0m  [1m[36mcommit transaction[0m
  [1m[36mActiveRecord::InternalMetadata Load (0.1ms)[0m  [1m[34mSELECT  "ar_internal_metadata".* FROM "ar_internal_metadata" WHERE "ar_internal_metadata"."key" = ? LIMIT ?[0m  [["key", "environment"], ["LIMIT", 1]]
  [1m[35m (0.0ms)[0m  [1m[36mbegin transaction[0m
  [1m[35mSQL (0.3ms)[0m  [1m[32mINSERT INTO "ar_internal_metadata" ("key", "value", "created_at", "updated_at") VALUES (?, ?, ?, ?)[0m  [["key", "environment"], ["value", "development"], ["created_at", "2018-08-26 23:59:45.796732"], ["updated_at", "2018-08-26 23:59:45.796732"]]
  [1m[35m (1.4ms)[0m  [1m[36mcommit transaction[0m
  [1m[35m (0.1ms)[0m  [1m[34mSELECT "schema_migrations"."version" FROM "schema_migrations" ORDER BY "schema_migrations"."version" ASC[0m
  [1m[35m (0.1ms)[0m  [1m[34m            SELECT sql
            FROM sqlite_master
            WHERE name='index_goods_on_user_id' AND type='index'
            UNION ALL
            SELECT sql
            FROM sqlite_temp_master
            WHERE name='index_goods_on_user_id' AND type='index'
[0m
DEPRECATION WARNING: Static attributes will be removed in FactoryBot 5.0. Please use dynamic
attributes instead by wrapping the attribute value in a block:

name { "MyString" }

To automatically update from static attributes to dynamic ones,
install rubocop-rspec and run:

rubocop \
  --require rubocop-rspec \
  --only FactoryBot/AttributeDefinedStatically \
  --auto-correct

 (called from block (2 levels) in <top (required)> at /Users/sylvance/rails/rails-vue-online-store/spec/factories/goods.rb:3)
DEPRECATION WARNING: Static attributes will be removed in FactoryBot 5.0. Please use dynamic
attributes instead by wrapping the attribute value in a block:

user { nil }

To automatically update from static attributes to dynamic ones,
install rubocop-rspec and run:

rubocop \
  --require rubocop-rspec \
  --only FactoryBot/AttributeDefinedStatically \
  --auto-correct

 (called from block (2 levels) in <top (required)> at /Users/sylvance/rails/rails-vue-online-store/spec/factories/goods.rb:4)
DEPRECATION WARNING: Static attributes will be removed in FactoryBot 5.0. Please use dynamic
attributes instead by wrapping the attribute value in a block:

email { "MyString" }

To automatically update from static attributes to dynamic ones,
install rubocop-rspec and run:

rubocop \
  --require rubocop-rspec \
  --only FactoryBot/AttributeDefinedStatically \
  --auto-correct

 (called from block (2 levels) in <top (required)> at /Users/sylvance/rails/rails-vue-online-store/spec/factories/users.rb:3)
DEPRECATION WARNING: Static attributes will be removed in FactoryBot 5.0. Please use dynamic
attributes instead by wrapping the attribute value in a block:

username { "MyString" }

To automatically update from static attributes to dynamic ones,
install rubocop-rspec and run:

rubocop \
  --require rubocop-rspec \
  --only FactoryBot/AttributeDefinedStatically \
  --auto-correct

 (called from block (2 levels) in <top (required)> at /Users/sylvance/rails/rails-vue-online-store/spec/factories/users.rb:4)
DEPRECATION WARNING: Static attributes will be removed in FactoryBot 5.0. Please use dynamic
attributes instead by wrapping the attribute value in a block:

password_digest { "MyString" }

To automatically update from static attributes to dynamic ones,
install rubocop-rspec and run:

rubocop \
  --require rubocop-rspec \
  --only FactoryBot/AttributeDefinedStatically \
  --auto-correct

 (called from block (2 levels) in <top (required)> at /Users/sylvance/rails/rails-vue-online-store/spec/factories/users.rb:5)
DEPRECATION WARNING: Static attributes will be removed in FactoryBot 5.0. Please use dynamic
attributes instead by wrapping the attribute value in a block:

name { "MyString" }

To automatically update from static attributes to dynamic ones,
install rubocop-rspec and run:

rubocop \
  --require rubocop-rspec \
  --only FactoryBot/AttributeDefinedStatically \
  --auto-correct

 (called from block (2 levels) in <top (required)> at /Users/sylvance/rails/rails-vue-online-store/spec/factories/goods.rb:3)
DEPRECATION WARNING: Static attributes will be removed in FactoryBot 5.0. Please use dynamic
attributes instead by wrapping the attribute value in a block:

user { nil }

To automatically update from static attributes to dynamic ones,
install rubocop-rspec and run:

rubocop \
  --require rubocop-rspec \
  --only FactoryBot/AttributeDefinedStatically \
  --auto-correct

 (called from block (2 levels) in <top (required)> at /Users/sylvance/rails/rails-vue-online-store/spec/factories/goods.rb:4)
DEPRECATION WARNING: Static attributes will be removed in FactoryBot 5.0. Please use dynamic
attributes instead by wrapping the attribute value in a block:

email { "MyString" }

To automatically update from static attributes to dynamic ones,
install rubocop-rspec and run:

rubocop \
  --require rubocop-rspec \
  --only FactoryBot/AttributeDefinedStatically \
  --auto-correct

 (called from block (2 levels) in <top (required)> at /Users/sylvance/rails/rails-vue-online-store/spec/factories/users.rb:3)
DEPRECATION WARNING: Static attributes will be removed in FactoryBot 5.0. Please use dynamic
attributes instead by wrapping the attribute value in a block:

username { "MyString" }

To automatically update from static attributes to dynamic ones,
install rubocop-rspec and run:

rubocop \
  --require rubocop-rspec \
  --only FactoryBot/AttributeDefinedStatically \
  --auto-correct

 (called from block (2 levels) in <top (required)> at /Users/sylvance/rails/rails-vue-online-store/spec/factories/users.rb:4)
DEPRECATION WARNING: Static attributes will be removed in FactoryBot 5.0. Please use dynamic
attributes instead by wrapping the attribute value in a block:

password_digest { "MyString" }

To automatically update from static attributes to dynamic ones,
install rubocop-rspec and run:

rubocop \
  --require rubocop-rspec \
  --only FactoryBot/AttributeDefinedStatically \
  --auto-correct

 (called from block (2 levels) in <top (required)> at /Users/sylvance/rails/rails-vue-online-store/spec/factories/users.rb:5)
DEPRECATION WARNING: Static attributes will be removed in FactoryBot 5.0. Please use dynamic
attributes instead by wrapping the attribute value in a block:

name { "MyString" }

To automatically update from static attributes to dynamic ones,
install rubocop-rspec and run:

rubocop \
  --require rubocop-rspec \
  --only FactoryBot/AttributeDefinedStatically \
  --auto-correct

 (called from block (2 levels) in <top (required)> at /Users/sylvance/rails/rails-vue-online-store/spec/factories/goods.rb:3)
DEPRECATION WARNING: Static attributes will be removed in FactoryBot 5.0. Please use dynamic
attributes instead by wrapping the attribute value in a block:

user { nil }

To automatically update from static attributes to dynamic ones,
install rubocop-rspec and run:

rubocop \
  --require rubocop-rspec \
  --only FactoryBot/AttributeDefinedStatically \
  --auto-correct

 (called from block (2 levels) in <top (required)> at /Users/sylvance/rails/rails-vue-online-store/spec/factories/goods.rb:4)
DEPRECATION WARNING: Static attributes will be removed in FactoryBot 5.0. Please use dynamic
attributes instead by wrapping the attribute value in a block:

email { "MyString" }

To automatically update from static attributes to dynamic ones,
install rubocop-rspec and run:

rubocop \
  --require rubocop-rspec \
  --only FactoryBot/AttributeDefinedStatically \
  --auto-correct

 (called from block (2 levels) in <top (required)> at /Users/sylvance/rails/rails-vue-online-store/spec/factories/users.rb:3)
DEPRECATION WARNING: Static attributes will be removed in FactoryBot 5.0. Please use dynamic
attributes instead by wrapping the attribute value in a block:

username { "MyString" }

To automatically update from static attributes to dynamic ones,
install rubocop-rspec and run:

rubocop \
  --require rubocop-rspec \
  --only FactoryBot/AttributeDefinedStatically \
  --auto-correct

 (called from block (2 levels) in <top (required)> at /Users/sylvance/rails/rails-vue-online-store/spec/factories/users.rb:4)
DEPRECATION WARNING: Static attributes will be removed in FactoryBot 5.0. Please use dynamic
attributes instead by wrapping the attribute value in a block:

password_digest { "MyString" }

To automatically update from static attributes to dynamic ones,
install rubocop-rspec and run:

rubocop \
  --require rubocop-rspec \
  --only FactoryBot/AttributeDefinedStatically \
  --auto-correct

 (called from block (2 levels) in <top (required)> at /Users/sylvance/rails/rails-vue-online-store/spec/factories/users.rb:5)
DEPRECATION WARNING: Static attributes will be removed in FactoryBot 5.0. Please use dynamic
attributes instead by wrapping the attribute value in a block:

name { "MyString" }

To automatically update from static attributes to dynamic ones,
install rubocop-rspec and run:

rubocop \
  --require rubocop-rspec \
  --only FactoryBot/AttributeDefinedStatically \
  --auto-correct

 (called from block (2 levels) in <top (required)> at /Users/sylvance/rails/rails-vue-online-store/spec/factories/goods.rb:3)
DEPRECATION WARNING: Static attributes will be removed in FactoryBot 5.0. Please use dynamic
attributes instead by wrapping the attribute value in a block:

user { nil }

To automatically update from static attributes to dynamic ones,
install rubocop-rspec and run:

rubocop \
  --require rubocop-rspec \
  --only FactoryBot/AttributeDefinedStatically \
  --auto-correct

 (called from block (2 levels) in <top (required)> at /Users/sylvance/rails/rails-vue-online-store/spec/factories/goods.rb:4)
DEPRECATION WARNING: Static attributes will be removed in FactoryBot 5.0. Please use dynamic
attributes instead by wrapping the attribute value in a block:

email { "MyString" }

To automatically update from static attributes to dynamic ones,
install rubocop-rspec and run:

rubocop \
  --require rubocop-rspec \
  --only FactoryBot/AttributeDefinedStatically \
  --auto-correct

 (called from block (2 levels) in <top (required)> at /Users/sylvance/rails/rails-vue-online-store/spec/factories/users.rb:3)
DEPRECATION WARNING: Static attributes will be removed in FactoryBot 5.0. Please use dynamic
attributes instead by wrapping the attribute value in a block:

username { "MyString" }

To automatically update from static attributes to dynamic ones,
install rubocop-rspec and run:

rubocop \
  --require rubocop-rspec \
  --only FactoryBot/AttributeDefinedStatically \
  --auto-correct

 (called from block (2 levels) in <top (required)> at /Users/sylvance/rails/rails-vue-online-store/spec/factories/users.rb:4)
DEPRECATION WARNING: Static attributes will be removed in FactoryBot 5.0. Please use dynamic
attributes instead by wrapping the attribute value in a block:

password_digest { "MyString" }

To automatically update from static attributes to dynamic ones,
install rubocop-rspec and run:

rubocop \
  --require rubocop-rspec \
  --only FactoryBot/AttributeDefinedStatically \
  --auto-correct

 (called from block (2 levels) in <top (required)> at /Users/sylvance/rails/rails-vue-online-store/spec/factories/users.rb:5)
Started GET "/" for 127.0.0.1 at 2018-09-19 15:13:11 +0300
  [1m[35m (0.7ms)[0m  [1m[34mSELECT "schema_migrations"."version" FROM "schema_migrations" ORDER BY "schema_migrations"."version" ASC[0m
  
ActiveRecord::PendingMigrationError (

Migrations are pending. To resolve this issue, run:

        bin/rails db:migrate RAILS_ENV=development

):
  
activerecord (5.1.6) lib/active_record/migration.rb:576:in `check_pending!'
activerecord (5.1.6) lib/active_record/migration.rb:553:in `call'
actionpack (5.1.6) lib/action_dispatch/middleware/callbacks.rb:26:in `block in call'
activesupport (5.1.6) lib/active_support/callbacks.rb:97:in `run_callbacks'
actionpack (5.1.6) lib/action_dispatch/middleware/callbacks.rb:24:in `call'
actionpack (5.1.6) lib/action_dispatch/middleware/executor.rb:12:in `call'
actionpack (5.1.6) lib/action_dispatch/middleware/debug_exceptions.rb:59:in `call'
actionpack (5.1.6) lib/action_dispatch/middleware/show_exceptions.rb:31:in `call'
railties (5.1.6) lib/rails/rack/logger.rb:36:in `call_app'
railties (5.1.6) lib/rails/rack/logger.rb:24:in `block in call'
activesupport (5.1.6) lib/active_support/tagged_logging.rb:69:in `block in tagged'
activesupport (5.1.6) lib/active_support/tagged_logging.rb:26:in `tagged'
activesupport (5.1.6) lib/active_support/tagged_logging.rb:69:in `tagged'
railties (5.1.6) lib/rails/rack/logger.rb:24:in `call'
actionpack (5.1.6) lib/action_dispatch/middleware/remote_ip.rb:79:in `call'
actionpack (5.1.6) lib/action_dispatch/middleware/request_id.rb:25:in `call'
rack (2.0.5) lib/rack/runtime.rb:22:in `call'
activesupport (5.1.6) lib/active_support/cache/strategy/local_cache_middleware.rb:27:in `call'
actionpack (5.1.6) lib/action_dispatch/middleware/executor.rb:12:in `call'
actionpack (5.1.6) lib/action_dispatch/middleware/static.rb:125:in `call'
rack (2.0.5) lib/rack/sendfile.rb:111:in `call'
railties (5.1.6) lib/rails/engine.rb:522:in `call'
puma (3.12.0) lib/puma/configuration.rb:225:in `call'
puma (3.12.0) lib/puma/server.rb:658:in `handle_request'
puma (3.12.0) lib/puma/server.rb:472:in `process_client'
puma (3.12.0) lib/puma/server.rb:332:in `block in run'
puma (3.12.0) lib/puma/thread_pool.rb:133:in `block in spawn_thread'
Started GET "/favicon.ico" for 127.0.0.1 at 2018-09-19 15:13:13 +0300
  [1m[35m (0.1ms)[0m  [1m[34mSELECT "schema_migrations"."version" FROM "schema_migrations" ORDER BY "schema_migrations"."version" ASC[0m
  
ActiveRecord::PendingMigrationError (

Migrations are pending. To resolve this issue, run:

        bin/rails db:migrate RAILS_ENV=development

):
  
activerecord (5.1.6) lib/active_record/migration.rb:576:in `check_pending!'
activerecord (5.1.6) lib/active_record/migration.rb:553:in `call'
actionpack (5.1.6) lib/action_dispatch/middleware/callbacks.rb:26:in `block in call'
activesupport (5.1.6) lib/active_support/callbacks.rb:97:in `run_callbacks'
actionpack (5.1.6) lib/action_dispatch/middleware/callbacks.rb:24:in `call'
actionpack (5.1.6) lib/action_dispatch/middleware/executor.rb:12:in `call'
actionpack (5.1.6) lib/action_dispatch/middleware/debug_exceptions.rb:59:in `call'
actionpack (5.1.6) lib/action_dispatch/middleware/show_exceptions.rb:31:in `call'
railties (5.1.6) lib/rails/rack/logger.rb:36:in `call_app'
railties (5.1.6) lib/rails/rack/logger.rb:24:in `block in call'
activesupport (5.1.6) lib/active_support/tagged_logging.rb:69:in `block in tagged'
activesupport (5.1.6) lib/active_support/tagged_logging.rb:26:in `tagged'
activesupport (5.1.6) lib/active_support/tagged_logging.rb:69:in `tagged'
railties (5.1.6) lib/rails/rack/logger.rb:24:in `call'
actionpack (5.1.6) lib/action_dispatch/middleware/remote_ip.rb:79:in `call'
actionpack (5.1.6) lib/action_dispatch/middleware/request_id.rb:25:in `call'
rack (2.0.5) lib/rack/runtime.rb:22:in `call'
activesupport (5.1.6) lib/active_support/cache/strategy/local_cache_middleware.rb:27:in `call'
actionpack (5.1.6) lib/action_dispatch/middleware/executor.rb:12:in `call'
actionpack (5.1.6) lib/action_dispatch/middleware/static.rb:125:in `call'
rack (2.0.5) lib/rack/sendfile.rb:111:in `call'
railties (5.1.6) lib/rails/engine.rb:522:in `call'
puma (3.12.0) lib/puma/configuration.rb:225:in `call'
puma (3.12.0) lib/puma/server.rb:658:in `handle_request'
puma (3.12.0) lib/puma/server.rb:472:in `process_client'
puma (3.12.0) lib/puma/server.rb:332:in `block in run'
puma (3.12.0) lib/puma/thread_pool.rb:133:in `block in spawn_thread'
DEPRECATION WARNING: Static attributes will be removed in FactoryBot 5.0. Please use dynamic
attributes instead by wrapping the attribute value in a block:

name { "MyString" }

To automatically update from static attributes to dynamic ones,
install rubocop-rspec and run:

rubocop \
  --require rubocop-rspec \
  --only FactoryBot/AttributeDefinedStatically \
  --auto-correct

 (called from block (2 levels) in <top (required)> at /Users/sylvance/rails/rails-vue-online-store/spec/factories/goods.rb:3)
DEPRECATION WARNING: Static attributes will be removed in FactoryBot 5.0. Please use dynamic
attributes instead by wrapping the attribute value in a block:

user { nil }

To automatically update from static attributes to dynamic ones,
install rubocop-rspec and run:

rubocop \
  --require rubocop-rspec \
  --only FactoryBot/AttributeDefinedStatically \
  --auto-correct

 (called from block (2 levels) in <top (required)> at /Users/sylvance/rails/rails-vue-online-store/spec/factories/goods.rb:4)
DEPRECATION WARNING: Static attributes will be removed in FactoryBot 5.0. Please use dynamic
attributes instead by wrapping the attribute value in a block:

email { "MyString" }

To automatically update from static attributes to dynamic ones,
install rubocop-rspec and run:

rubocop \
  --require rubocop-rspec \
  --only FactoryBot/AttributeDefinedStatically \
  --auto-correct

 (called from block (2 levels) in <top (required)> at /Users/sylvance/rails/rails-vue-online-store/spec/factories/users.rb:3)
DEPRECATION WARNING: Static attributes will be removed in FactoryBot 5.0. Please use dynamic
attributes instead by wrapping the attribute value in a block:

username { "MyString" }

To automatically update from static attributes to dynamic ones,
install rubocop-rspec and run:

rubocop \
  --require rubocop-rspec \
  --only FactoryBot/AttributeDefinedStatically \
  --auto-correct

 (called from block (2 levels) in <top (required)> at /Users/sylvance/rails/rails-vue-online-store/spec/factories/users.rb:4)
DEPRECATION WARNING: Static attributes will be removed in FactoryBot 5.0. Please use dynamic
attributes instead by wrapping the attribute value in a block:

password_digest { "MyString" }

To automatically update from static attributes to dynamic ones,
install rubocop-rspec and run:

rubocop \
  --require rubocop-rspec \
  --only FactoryBot/AttributeDefinedStatically \
  --auto-correct

 (called from block (2 levels) in <top (required)> at /Users/sylvance/rails/rails-vue-online-store/spec/factories/users.rb:5)
  [1m[35m (0.1ms)[0m  [1m[34mSELECT "schema_migrations"."version" FROM "schema_migrations" ORDER BY "schema_migrations"."version" ASC[0m
Migrating to CreateGoods (20180826235943)
  [1m[35m (0.1ms)[0m  [1m[36mbegin transaction[0m
  [1m[35m (0.1ms)[0m  [1m[34mSELECT sqlite_version(*)[0m
  [1m[35m (1.5ms)[0m  [1m[35mCREATE TABLE "goods" ("id" INTEGER PRIMARY KEY AUTOINCREMENT NOT NULL, "name" varchar, "user_id" integer, "created_at" datetime NOT NULL, "updated_at" datetime NOT NULL, CONSTRAINT "fk_rails_88c36f52c3"
FOREIGN KEY ("user_id")
  REFERENCES "users" ("id")
)[0m
  [1m[35m (0.1ms)[0m  [1m[35mCREATE  INDEX "index_goods_on_user_id" ON "goods" ("user_id")[0m
  [1m[35mSQL (0.5ms)[0m  [1m[32mINSERT INTO "schema_migrations" ("version") VALUES (?)[0m  [["version", "20180826235943"]]
  [1m[35m (1.4ms)[0m  [1m[36mcommit transaction[0m
  [1m[36mActiveRecord::InternalMetadata Load (0.5ms)[0m  [1m[34mSELECT  "ar_internal_metadata".* FROM "ar_internal_metadata" WHERE "ar_internal_metadata"."key" = ? LIMIT ?[0m  [["key", "environment"], ["LIMIT", 1]]
  [1m[35m (0.1ms)[0m  [1m[36mbegin transaction[0m
  [1m[35m (0.1ms)[0m  [1m[36mcommit transaction[0m
  [1m[35m (0.1ms)[0m  [1m[34mSELECT "schema_migrations"."version" FROM "schema_migrations" ORDER BY "schema_migrations"."version" ASC[0m
  [1m[35m (0.1ms)[0m  [1m[34m            SELECT sql
            FROM sqlite_master
            WHERE name='index_goods_on_user_id' AND type='index'
            UNION ALL
            SELECT sql
            FROM sqlite_temp_master
            WHERE name='index_goods_on_user_id' AND type='index'
[0m
DEPRECATION WARNING: Static attributes will be removed in FactoryBot 5.0. Please use dynamic
attributes instead by wrapping the attribute value in a block:

name { "MyString" }

To automatically update from static attributes to dynamic ones,
install rubocop-rspec and run:

rubocop \
  --require rubocop-rspec \
  --only FactoryBot/AttributeDefinedStatically \
  --auto-correct

 (called from block (2 levels) in <top (required)> at /Users/sylvance/rails/rails-vue-online-store/spec/factories/goods.rb:3)
DEPRECATION WARNING: Static attributes will be removed in FactoryBot 5.0. Please use dynamic
attributes instead by wrapping the attribute value in a block:

user { nil }

To automatically update from static attributes to dynamic ones,
install rubocop-rspec and run:

rubocop \
  --require rubocop-rspec \
  --only FactoryBot/AttributeDefinedStatically \
  --auto-correct

 (called from block (2 levels) in <top (required)> at /Users/sylvance/rails/rails-vue-online-store/spec/factories/goods.rb:4)
DEPRECATION WARNING: Static attributes will be removed in FactoryBot 5.0. Please use dynamic
attributes instead by wrapping the attribute value in a block:

email { "MyString" }

To automatically update from static attributes to dynamic ones,
install rubocop-rspec and run:

rubocop \
  --require rubocop-rspec \
  --only FactoryBot/AttributeDefinedStatically \
  --auto-correct

 (called from block (2 levels) in <top (required)> at /Users/sylvance/rails/rails-vue-online-store/spec/factories/users.rb:3)
DEPRECATION WARNING: Static attributes will be removed in FactoryBot 5.0. Please use dynamic
attributes instead by wrapping the attribute value in a block:

username { "MyString" }

To automatically update from static attributes to dynamic ones,
install rubocop-rspec and run:

rubocop \
  --require rubocop-rspec \
  --only FactoryBot/AttributeDefinedStatically \
  --auto-correct

 (called from block (2 levels) in <top (required)> at /Users/sylvance/rails/rails-vue-online-store/spec/factories/users.rb:4)
DEPRECATION WARNING: Static attributes will be removed in FactoryBot 5.0. Please use dynamic
attributes instead by wrapping the attribute value in a block:

password_digest { "MyString" }

To automatically update from static attributes to dynamic ones,
install rubocop-rspec and run:

rubocop \
  --require rubocop-rspec \
  --only FactoryBot/AttributeDefinedStatically \
  --auto-correct

 (called from block (2 levels) in <top (required)> at /Users/sylvance/rails/rails-vue-online-store/spec/factories/users.rb:5)
Started GET "/" for 127.0.0.1 at 2018-09-19 15:13:52 +0300
  [1m[35m (0.2ms)[0m  [1m[34mSELECT "schema_migrations"."version" FROM "schema_migrations" ORDER BY "schema_migrations"."version" ASC[0m
Processing by Rails::WelcomeController#index as HTML
  Rendering /Users/sylvance/.rvm/gems/ruby-2.5.1/gems/railties-5.1.6/lib/rails/templates/rails/welcome/index.html.erb
  Rendered /Users/sylvance/.rvm/gems/ruby-2.5.1/gems/railties-5.1.6/lib/rails/templates/rails/welcome/index.html.erb (2.1ms)
Completed 200 OK in 12ms (Views: 7.4ms | ActiveRecord: 0.0ms)


Started GET "/favicon.ico" for 127.0.0.1 at 2018-09-19 15:13:53 +0300
  
ActionController::RoutingError (No route matches [GET] "/favicon.ico"):
  
actionpack (5.1.6) lib/action_dispatch/middleware/debug_exceptions.rb:63:in `call'
actionpack (5.1.6) lib/action_dispatch/middleware/show_exceptions.rb:31:in `call'
railties (5.1.6) lib/rails/rack/logger.rb:36:in `call_app'
railties (5.1.6) lib/rails/rack/logger.rb:24:in `block in call'
activesupport (5.1.6) lib/active_support/tagged_logging.rb:69:in `block in tagged'
activesupport (5.1.6) lib/active_support/tagged_logging.rb:26:in `tagged'
activesupport (5.1.6) lib/active_support/tagged_logging.rb:69:in `tagged'
railties (5.1.6) lib/rails/rack/logger.rb:24:in `call'
actionpack (5.1.6) lib/action_dispatch/middleware/remote_ip.rb:79:in `call'
actionpack (5.1.6) lib/action_dispatch/middleware/request_id.rb:25:in `call'
rack (2.0.5) lib/rack/runtime.rb:22:in `call'
activesupport (5.1.6) lib/active_support/cache/strategy/local_cache_middleware.rb:27:in `call'
actionpack (5.1.6) lib/action_dispatch/middleware/executor.rb:12:in `call'
actionpack (5.1.6) lib/action_dispatch/middleware/static.rb:125:in `call'
rack (2.0.5) lib/rack/sendfile.rb:111:in `call'
railties (5.1.6) lib/rails/engine.rb:522:in `call'
puma (3.12.0) lib/puma/configuration.rb:225:in `call'
puma (3.12.0) lib/puma/server.rb:658:in `handle_request'
puma (3.12.0) lib/puma/server.rb:472:in `process_client'
puma (3.12.0) lib/puma/server.rb:332:in `block in run'
puma (3.12.0) lib/puma/thread_pool.rb:133:in `block in spawn_thread'
DEPRECATION WARNING: Static attributes will be removed in FactoryBot 5.0. Please use dynamic
attributes instead by wrapping the attribute value in a block:

name { "MyString" }

To automatically update from static attributes to dynamic ones,
install rubocop-rspec and run:

rubocop \
  --require rubocop-rspec \
  --only FactoryBot/AttributeDefinedStatically \
  --auto-correct

 (called from block (2 levels) in <top (required)> at /Users/sylvance/rails/rails-vue-online-store/spec/factories/goods.rb:3)
DEPRECATION WARNING: Static attributes will be removed in FactoryBot 5.0. Please use dynamic
attributes instead by wrapping the attribute value in a block:

user { nil }

To automatically update from static attributes to dynamic ones,
install rubocop-rspec and run:

rubocop \
  --require rubocop-rspec \
  --only FactoryBot/AttributeDefinedStatically \
  --auto-correct

 (called from block (2 levels) in <top (required)> at /Users/sylvance/rails/rails-vue-online-store/spec/factories/goods.rb:4)
DEPRECATION WARNING: Static attributes will be removed in FactoryBot 5.0. Please use dynamic
attributes instead by wrapping the attribute value in a block:

email { "MyString" }

To automatically update from static attributes to dynamic ones,
install rubocop-rspec and run:

rubocop \
  --require rubocop-rspec \
  --only FactoryBot/AttributeDefinedStatically \
  --auto-correct

 (called from block (2 levels) in <top (required)> at /Users/sylvance/rails/rails-vue-online-store/spec/factories/users.rb:3)
DEPRECATION WARNING: Static attributes will be removed in FactoryBot 5.0. Please use dynamic
attributes instead by wrapping the attribute value in a block:

username { "MyString" }

To automatically update from static attributes to dynamic ones,
install rubocop-rspec and run:

rubocop \
  --require rubocop-rspec \
  --only FactoryBot/AttributeDefinedStatically \
  --auto-correct

 (called from block (2 levels) in <top (required)> at /Users/sylvance/rails/rails-vue-online-store/spec/factories/users.rb:4)
DEPRECATION WARNING: Static attributes will be removed in FactoryBot 5.0. Please use dynamic
attributes instead by wrapping the attribute value in a block:

password_digest { "MyString" }

To automatically update from static attributes to dynamic ones,
install rubocop-rspec and run:

rubocop \
  --require rubocop-rspec \
  --only FactoryBot/AttributeDefinedStatically \
  --auto-correct

 (called from block (2 levels) in <top (required)> at /Users/sylvance/rails/rails-vue-online-store/spec/factories/users.rb:5)
DEPRECATION WARNING: Static attributes will be removed in FactoryBot 5.0. Please use dynamic
attributes instead by wrapping the attribute value in a block:

name { "MyString" }

To automatically update from static attributes to dynamic ones,
install rubocop-rspec and run:

rubocop \
  --require rubocop-rspec \
  --only FactoryBot/AttributeDefinedStatically \
  --auto-correct

 (called from block (2 levels) in <top (required)> at /Users/sylvance/rails/rails-vue-online-store/spec/factories/goods.rb:3)
DEPRECATION WARNING: Static attributes will be removed in FactoryBot 5.0. Please use dynamic
attributes instead by wrapping the attribute value in a block:

user { nil }

To automatically update from static attributes to dynamic ones,
install rubocop-rspec and run:

rubocop \
  --require rubocop-rspec \
  --only FactoryBot/AttributeDefinedStatically \
  --auto-correct

 (called from block (2 levels) in <top (required)> at /Users/sylvance/rails/rails-vue-online-store/spec/factories/goods.rb:4)
DEPRECATION WARNING: Static attributes will be removed in FactoryBot 5.0. Please use dynamic
attributes instead by wrapping the attribute value in a block:

email { "MyString" }

To automatically update from static attributes to dynamic ones,
install rubocop-rspec and run:

rubocop \
  --require rubocop-rspec \
  --only FactoryBot/AttributeDefinedStatically \
  --auto-correct

 (called from block (2 levels) in <top (required)> at /Users/sylvance/rails/rails-vue-online-store/spec/factories/users.rb:3)
DEPRECATION WARNING: Static attributes will be removed in FactoryBot 5.0. Please use dynamic
attributes instead by wrapping the attribute value in a block:

username { "MyString" }

To automatically update from static attributes to dynamic ones,
install rubocop-rspec and run:

rubocop \
  --require rubocop-rspec \
  --only FactoryBot/AttributeDefinedStatically \
  --auto-correct

 (called from block (2 levels) in <top (required)> at /Users/sylvance/rails/rails-vue-online-store/spec/factories/users.rb:4)
DEPRECATION WARNING: Static attributes will be removed in FactoryBot 5.0. Please use dynamic
attributes instead by wrapping the attribute value in a block:

password_digest { "MyString" }

To automatically update from static attributes to dynamic ones,
install rubocop-rspec and run:

rubocop \
  --require rubocop-rspec \
  --only FactoryBot/AttributeDefinedStatically \
  --auto-correct

 (called from block (2 levels) in <top (required)> at /Users/sylvance/rails/rails-vue-online-store/spec/factories/users.rb:5)
Started GET "/" for 127.0.0.1 at 2018-09-19 15:42:27 +0300
  [1m[35m (0.1ms)[0m  [1m[34mSELECT "schema_migrations"."version" FROM "schema_migrations" ORDER BY "schema_migrations"."version" ASC[0m
Processing by Rails::WelcomeController#index as HTML
  Rendering /Users/sylvance/.rvm/gems/ruby-2.5.1/gems/railties-5.1.6/lib/rails/templates/rails/welcome/index.html.erb
  Rendered /Users/sylvance/.rvm/gems/ruby-2.5.1/gems/railties-5.1.6/lib/rails/templates/rails/welcome/index.html.erb (2.1ms)
Completed 200 OK in 7ms (Views: 5.6ms | ActiveRecord: 0.0ms)


